<?xml version="1.0" encoding="UTF-8"?>
<!-- Generated by org.testng.reporters.JUnitXMLReporter -->
<testsuite ignored="0" hostname="DESKTOP-1T4LVLH" failures="1" tests="1" name="NegativeUserNameTests" time="0.101" errors="0" timestamp="2023-04-06T15:26:01 IST">
  <testcase classname="com.herokuapp.theinternet.NegativeTests" name="negativeLoginTest" time="0.0">
    <failure type="org.testng.TestNGException" message="
Parameter &amp;apos;username&amp;apos; is required by @Test on method negativeLoginTest but has not been marked @Optional or defined
in C:\eclipse-workspace\selenium-to-beginners\src\test\resources\TestSuites\LoginTests.xml">
      <![CDATA[org.testng.TestNGException: 
Parameter 'username' is required by @Test on method negativeLoginTest but has not been marked @Optional or defined
in C:\eclipse-workspace\selenium-to-beginners\src\test\resources\TestSuites\LoginTests.xml
at java.base/java.util.ArrayList.forEach(ArrayList.java:1511)
... Removed 26 stack frames]]>
    </failure>
  </testcase> <!-- negativeLoginTest -->
</testsuite> <!-- NegativeUserNameTests -->
